<?xml version="1.0" encoding="UTF-8"?>
<!-- Generated by org.testng.reporters.JUnitReportReporter -->
<testsuite skipped="0" hostname="LAPTOP-5A2C57VD" name="Academy.HomeTest" tests="1" failures="0" timestamp="09 Mar 2019 20:16:01 GMT" time="0.178" errors="0">
  <testcase name="homePageNavigation" time="0.178" classname="Academy.HomeTest"/>
</testsuite> <!-- Academy.HomeTest -->
